<?xml version="1.0" encoding="UTF-8"?>
<testng-results skipped="0" failed="0" total="1" passed="1">
  <reporter-output>
  </reporter-output>
  <suite name="Default suite" duration-ms="28" started-at="2021-01-30T05:00:19Z" finished-at="2021-01-30T05:00:19Z">
    <groups>
    </groups>
    <test name="Default test" duration-ms="28" started-at="2021-01-30T05:00:19Z" finished-at="2021-01-30T05:00:19Z">
      <class name="TestPckg.NewTestNG">
        <test-method status="PASS" signature="beforeSuite()[pri:0, instance:TestPckg.NewTestNG@7f63425a]" name="beforeSuite" is-config="true" duration-ms="7" started-at="2021-01-30T00:00:19Z" finished-at="2021-01-30T00:00:19Z">
          <reporter-output>
          </reporter-output>
        </test-method> <!-- beforeSuite -->
        <test-method status="PASS" signature="beforeTest()[pri:0, instance:TestPckg.NewTestNG@7f63425a]" name="beforeTest" is-config="true" duration-ms="1" started-at="2021-01-30T00:00:19Z" finished-at="2021-01-30T00:00:19Z">
          <reporter-output>
          </reporter-output>
        </test-method> <!-- beforeTest -->
        <test-method status="PASS" signature="beforeClass()[pri:0, instance:TestPckg.NewTestNG@7f63425a]" name="beforeClass" is-config="true" duration-ms="0" started-at="2021-01-30T00:00:19Z" finished-at="2021-01-30T00:00:19Z">
          <reporter-output>
          </reporter-output>
        </test-method> <!-- beforeClass -->
        <test-method status="PASS" signature="beforeMethod()[pri:0, instance:TestPckg.NewTestNG@7f63425a]" name="beforeMethod" is-config="true" duration-ms="1" started-at="2021-01-30T00:00:19Z" finished-at="2021-01-30T00:00:19Z">
          <reporter-output>
          </reporter-output>
        </test-method> <!-- beforeMethod -->
        <test-method status="PASS" signature="f()[pri:0, instance:TestPckg.NewTestNG@7f63425a]" name="f" duration-ms="4" started-at="2021-01-30T00:00:19Z" finished-at="2021-01-30T00:00:19Z">
          <reporter-output>
          </reporter-output>
        </test-method> <!-- f -->
        <test-method status="PASS" signature="afterMethod()[pri:0, instance:TestPckg.NewTestNG@7f63425a]" name="afterMethod" is-config="true" duration-ms="1" started-at="2021-01-30T00:00:19Z" finished-at="2021-01-30T00:00:19Z">
          <reporter-output>
          </reporter-output>
        </test-method> <!-- afterMethod -->
        <test-method status="PASS" signature="afterClass()[pri:0, instance:TestPckg.NewTestNG@7f63425a]" name="afterClass" is-config="true" duration-ms="1" started-at="2021-01-30T00:00:19Z" finished-at="2021-01-30T00:00:19Z">
          <reporter-output>
          </reporter-output>
        </test-method> <!-- afterClass -->
        <test-method status="PASS" signature="afterTest()[pri:0, instance:TestPckg.NewTestNG@7f63425a]" name="afterTest" is-config="true" duration-ms="1" started-at="2021-01-30T00:00:19Z" finished-at="2021-01-30T00:00:19Z">
          <reporter-output>
          </reporter-output>
        </test-method> <!-- afterTest -->
        <test-method status="PASS" signature="afterSuite()[pri:0, instance:TestPckg.NewTestNG@7f63425a]" name="afterSuite" is-config="true" duration-ms="0" started-at="2021-01-30T00:00:19Z" finished-at="2021-01-30T00:00:19Z">
          <reporter-output>
          </reporter-output>
        </test-method> <!-- afterSuite -->
      </class> <!-- TestPckg.NewTestNG -->
    </test> <!-- Default test -->
  </suite> <!-- Default suite -->
</testng-results>
